2024.06.12 14:51:39 INFO  Started: Metals version 1.3.1 in folders '/home/lucas/ysyx-workbench/ysyxSoC' for client Neovim 0.10.0-dev+g27fb62988.[0m
SLF4J(W): Class path contains multiple SLF4J providers.
SLF4J(W): Found provider [scribe.slf4j.ScribeServiceProvider@17735c84]
SLF4J(W): Found provider [ch.qos.logback.classic.spi.LogbackServiceProvider@13ecd20e]
SLF4J(W): See https://www.slf4j.org/codes.html#multiple_bindings for an explanation.
SLF4J(I): Actual provider is of type [scribe.slf4j.ScribeServiceProvider@17735c84]
2024.06.12 14:51:39 WARN  Flyway upgrade recommended: H2 2.2.224 is newer than this version of Flyway and support has not been tested. The latest supported version of H2 is 2.2.220.[0m
2024.06.12 14:51:40 INFO  no build target found for /home/lucas/ysyx-workbench/ysyxSoC/build.sc. Using presentation compiler with project's scala-library version: 3.3.3[0m
2024.06.12 14:51:49 INFO  running '/home/lucas/ysyx-workbench/ysyxSoC/.metals/millw --mill-version 0.11.7 --import ivy:com.lihaoyi::mill-contrib-bloop: mill.contrib.bloop.Bloop/install'[0m
2024.06.12 14:51:49 INFO  no build target found for /home/lucas/ysyx-workbench/ysyxSoC/build.sc. Using presentation compiler with project's scala-library version: 3.3.3[0m
2024.06.12 14:51:55 INFO  no build target found for /home/lucas/ysyx-workbench/ysyxSoC/build.sc. Using presentation compiler with project's scala-library version: 3.3.3[0m
2024.06.12 14:51:55 INFO  no build target found for /home/lucas/ysyx-workbench/ysyxSoC/build.sc. Using presentation compiler with project's scala-library version: 3.3.3[0m
2024.06.12 14:51:57 INFO  no build target found for /home/lucas/ysyx-workbench/ysyxSoC/build.sc. Using presentation compiler with project's scala-library version: 3.3.3[0m
2024.06.12 14:52:00 INFO  no build target found for /home/lucas/ysyx-workbench/ysyxSoC/build.sc. Using presentation compiler with project's scala-library version: 3.3.3[0m
2024.06.12 14:52:00 INFO  no build target found for /home/lucas/ysyx-workbench/ysyxSoC/build.sc. Using presentation compiler with project's scala-library version: 3.3.3[0m
2024.06.12 14:52:01 INFO  no build target found for /home/lucas/ysyx-workbench/ysyxSoC/build.sc. Using presentation compiler with project's scala-library version: 3.3.3[0m
2024.06.12 14:52:02 INFO  no build target found for /home/lucas/ysyx-workbench/ysyxSoC/build.sc. Using presentation compiler with project's scala-library version: 3.3.3[0m
2024.06.12 14:52:02 INFO  no build target found for /home/lucas/ysyx-workbench/ysyxSoC/build.sc. Using presentation compiler with project's scala-library version: 3.3.3[0m
2024.06.12 14:52:03 INFO  no build target found for /home/lucas/ysyx-workbench/ysyxSoC/build.sc. Using presentation compiler with project's scala-library version: 3.3.3[0m
2024.06.12 14:52:13 INFO  no build target found for /home/lucas/ysyx-workbench/ysyxSoC/build.sc. Using presentation compiler with project's scala-library version: 3.3.3[0m
2024.06.12 14:52:15 INFO  no build target found for /home/lucas/ysyx-workbench/ysyxSoC/build.sc. Using presentation compiler with project's scala-library version: 3.3.3[0m
2024.06.12 14:52:20 INFO  no build target found for /home/lucas/ysyx-workbench/ysyxSoC/build.sc. Using presentation compiler with project's scala-library version: 3.3.3[0m
2024.06.12 14:52:21 INFO  no build target found for /home/lucas/ysyx-workbench/ysyxSoC/build.sc. Using presentation compiler with project's scala-library version: 3.3.3[0m
2024.06.12 14:52:22 INFO  no build target found for /home/lucas/ysyx-workbench/ysyxSoC/build.sc. Using presentation compiler with project's scala-library version: 3.3.3[0m
2024.06.12 14:52:22 INFO  no build target found for /home/lucas/ysyx-workbench/ysyxSoC/build.sc. Using presentation compiler with project's scala-library version: 3.3.3[0m
2024.06.12 14:52:24 INFO  no build target found for /home/lucas/ysyx-workbench/ysyxSoC/build.sc. Using presentation compiler with project's scala-library version: 3.3.3[0m
2024.06.12 14:52:26 INFO  no build target found for /home/lucas/ysyx-workbench/ysyxSoC/build.sc. Using presentation compiler with project's scala-library version: 3.3.3[0m
2024.06.12 14:52:27 INFO  no build target found for /home/lucas/ysyx-workbench/ysyxSoC/build.sc. Using presentation compiler with project's scala-library version: 3.3.3[0m
2024.06.12 14:52:27 INFO  no build target found for /home/lucas/ysyx-workbench/ysyxSoC/build.sc. Using presentation compiler with project's scala-library version: 3.3.3[0m
2024.06.12 14:52:27 INFO  no build target found for /home/lucas/ysyx-workbench/ysyxSoC/build.sc. Using presentation compiler with project's scala-library version: 3.3.3[0m
2024.06.12 14:52:31 INFO  no build target found for /home/lucas/ysyx-workbench/ysyxSoC/build.sc. Using presentation compiler with project's scala-library version: 3.3.3[0m
2024.06.12 14:56:24 INFO  Wrote /home/lucas/ysyx-workbench/ysyxSoC/.bloop/rocketchip.json[0m
2024.06.12 14:56:24 INFO  Wrote /home/lucas/ysyx-workbench/ysyxSoC/.bloop/rocketchip.cde.json[0m
2024.06.12 14:56:26 INFO  Wrote /home/lucas/ysyx-workbench/ysyxSoC/.bloop/rocketchip.hardfloat.json[0m
2024.06.12 14:56:26 INFO  Wrote /home/lucas/ysyx-workbench/ysyxSoC/.bloop/rocketchip.macros.json[0m
2024.06.12 14:56:26 INFO  Wrote /home/lucas/ysyx-workbench/ysyxSoC/.bloop/ysyxsoc.json[0m
2024.06.12 14:56:27 INFO  time: ran 'mill bloopInstall' in 4m38s[0m
2024.06.12 14:56:27 INFO  Attempting to connect to the build server...[0m
2024.06.12 14:56:27 INFO  tracing is disabled for protocol BSP, to enable tracing of incoming and outgoing JSON messages create an empty file at /home/lucas/ysyx-workbench/ysyxSoC/.metals/bsp.trace.json or /home/lucas/.cache/metals/bsp.trace.json[0m
2024.06.12 14:56:27 INFO  time: Connected to build server in 0.12s[0m
2024.06.12 14:56:27 INFO  Connected to Build server: Bloop v1.5.17[0m
2024.06.12 14:56:30 WARN  Could not find java sources in /usr/lib/jvm/src.zip, /usr/lib/jvm/lib/src.zip, /usr/lib/jvm/java-19-openjdk-amd64/src.zip, /usr/lib/jvm/java-19-openjdk-amd64/lib/src.zip. Java symbols will not be available.[0m
2024.06.12 14:56:32 WARN  Could not find java sources in /usr/lib/jvm/src.zip, /usr/lib/jvm/lib/src.zip, /usr/lib/jvm/java-19-openjdk-amd64/src.zip, /usr/lib/jvm/java-19-openjdk-amd64/lib/src.zip. Java symbols will not be available.[0m
2024.06.12 14:56:32 INFO  time: indexed workspace in 4.99s[0m
2024.06.12 14:56:32 INFO  no build target found for /home/lucas/ysyx-workbench/ysyxSoC/build.sc. Using presentation compiler with project's scala-library version: 2.13.10[0m
Jun 12, 2024 3:44:06 PM org.eclipse.lsp4j.jsonrpc.services.GenericEndpoint notify
WARNING: Unsupported notification method: workspace/didRenameFiles
2024.06.12 15:48:51 INFO  Shutting down server[0m
2024.06.12 15:48:51 INFO  shutting down Metals[0m
2024.06.12 15:48:51 INFO  Shut down connection with build server.[0m
2024.06.12 15:48:51 INFO  Exiting server[0m
2024.06.12 17:13:04 INFO  Started: Metals version 1.3.1 in folders '/home/lucas/ysyx-workbench/ysyxSoC' for client Neovim 0.10.0-dev+g27fb62988.[0m
SLF4J(W): Class path contains multiple SLF4J providers.
SLF4J(W): Found provider [scribe.slf4j.ScribeServiceProvider@7e45f628]
SLF4J(W): Found provider [ch.qos.logback.classic.spi.LogbackServiceProvider@18198921]
SLF4J(W): See https://www.slf4j.org/codes.html#multiple_bindings for an explanation.
SLF4J(I): Actual provider is of type [scribe.slf4j.ScribeServiceProvider@7e45f628]
2024.06.12 17:13:04 WARN  Flyway upgrade recommended: H2 2.2.224 is newer than this version of Flyway and support has not been tested. The latest supported version of H2 is 2.2.220.[0m
2024.06.12 17:13:04 INFO  no build target found for /home/lucas/ysyx-workbench/ysyxSoC/src/amba/AXI4Delayer.scala. Using presentation compiler with project's scala-library version: 3.3.3[0m
2024.06.12 17:13:05 INFO  no build target found for /home/lucas/ysyx-workbench/ysyxSoC/src/amba/AXI4Delayer.scala. Using presentation compiler with project's scala-library version: 3.3.3[0m
2024.06.12 17:13:05 INFO  Attempting to connect to the build server...[0m
2024.06.12 17:13:05 INFO  tracing is disabled for protocol BSP, to enable tracing of incoming and outgoing JSON messages create an empty file at /home/lucas/ysyx-workbench/ysyxSoC/.metals/bsp.trace.json or /home/lucas/.cache/metals/bsp.trace.json[0m
2024.06.12 17:13:05 INFO  time: Connected to build server in 0.25s[0m
2024.06.12 17:13:05 INFO  Connected to Build server: Bloop v1.5.17[0m
2024.06.12 17:13:09 WARN  Could not find java sources in /usr/lib/jvm/src.zip, /usr/lib/jvm/lib/src.zip, /usr/lib/jvm/java-19-openjdk-amd64/src.zip, /usr/lib/jvm/java-19-openjdk-amd64/lib/src.zip. Java symbols will not be available.[0m
2024.06.12 17:13:09 WARN  Could not find java sources in /usr/lib/jvm/src.zip, /usr/lib/jvm/lib/src.zip, /usr/lib/jvm/java-19-openjdk-amd64/src.zip, /usr/lib/jvm/java-19-openjdk-amd64/lib/src.zip. Java symbols will not be available.[0m
2024.06.12 17:13:09 INFO  time: indexed workspace in 3.91s[0m
2024.06.12 17:13:09 INFO  compiling rocketchip.cde (1 scala source)[0m
2024.06.12 17:13:09 INFO  compiling rocketchip.hardfloat (20 scala sources)[0m
2024.06.12 17:13:09 INFO  compiling rocketchip.macros (1 scala source)[0m
2024.06.12 17:13:12 INFO  time: compiled rocketchip.macros in 2.44s[0m
2024.06.12 17:13:12 INFO  time: compiled rocketchip.cde in 2.45s[0m
2024.06.12 17:13:18 INFO  time: compiled rocketchip.hardfloat in 8.48s[0m
2024.06.12 17:13:18 INFO  compiling rocketchip (314 scala sources)[0m
2024.06.12 17:13:28 WARN  Using indexes to guess the definition of AXI4Bundle[0m
2024.06.12 17:14:01 WARN  9 deprecations[0m
2024.06.12 17:14:01 WARN  67 deprecations (since 2.13.0)[0m
2024.06.12 17:14:01 WARN  1 deprecation (since 2.13.7)[0m
2024.06.12 17:14:01 WARN  48 deprecations (since CDE 0.1)[0m
2024.06.12 17:14:01 WARN  125 deprecations in total; re-run with -deprecation for details[0m
2024.06.12 17:14:01 WARN  19 feature warnings; re-run with -feature for details[0m
2024.06.12 17:14:01 INFO  compiling ysyxsoc (36 scala sources)[0m
2024.06.12 17:14:02 INFO  time: compiled rocketchip in 44s[0m
2024.06.12 17:14:06 WARN  1 deprecation (since 2.13.0)[0m
2024.06.12 17:14:06 WARN  1 deprecation (since 2.13.3)[0m
2024.06.12 17:14:06 WARN  2 deprecations in total; re-run with -deprecation for details[0m
2024.06.12 17:14:06 INFO  time: compiled ysyxsoc in 4.91s[0m
Jun 12, 2024 5:14:06 PM org.eclipse.lsp4j.jsonrpc.RemoteEndpoint handleCancellation
WARNING: Unmatched cancel notification for request id 4
2024.06.12 22:05:01 INFO  Shutting down server[0m
2024.06.12 22:05:01 INFO  shutting down Metals[0m
2024.06.12 22:05:01 INFO  Shut down connection with build server.[0m
2024.06.13 10:11:10 INFO  Started: Metals version 1.3.1 in folders '/home/lucas/ysyx-workbench/ysyxSoC' for client Neovim 0.10.0-dev+g27fb62988.[0m
SLF4J(W): Class path contains multiple SLF4J providers.
SLF4J(W): Found provider [scribe.slf4j.ScribeServiceProvider@7eb0e38e]
SLF4J(W): Found provider [ch.qos.logback.classic.spi.LogbackServiceProvider@4c817700]
SLF4J(W): See https://www.slf4j.org/codes.html#multiple_bindings for an explanation.
SLF4J(I): Actual provider is of type [scribe.slf4j.ScribeServiceProvider@7eb0e38e]
2024.06.13 10:11:10 WARN  Flyway upgrade recommended: H2 2.2.224 is newer than this version of Flyway and support has not been tested. The latest supported version of H2 is 2.2.220.[0m
2024.06.13 10:11:10 INFO  no build target found for /home/lucas/ysyx-workbench/ysyxSoC/src/device/Uart16550.scala. Using presentation compiler with project's scala-library version: 3.3.3[0m
2024.06.13 10:11:10 INFO  no build target found for /home/lucas/ysyx-workbench/ysyxSoC/src/device/Uart16550.scala. Using presentation compiler with project's scala-library version: 3.3.3[0m
2024.06.13 10:11:11 INFO  Attempting to connect to the build server...[0m
2024.06.13 10:11:11 INFO  tracing is disabled for protocol BSP, to enable tracing of incoming and outgoing JSON messages create an empty file at /home/lucas/ysyx-workbench/ysyxSoC/.metals/bsp.trace.json or /home/lucas/.cache/metals/bsp.trace.json[0m
2024.06.13 10:11:11 INFO  time: Connected to build server in 0.67s[0m
2024.06.13 10:11:11 INFO  Connected to Build server: Bloop v1.5.17[0m
2024.06.13 10:11:15 WARN  Could not find java sources in /usr/lib/jvm/src.zip, /usr/lib/jvm/lib/src.zip, /usr/lib/jvm/java-19-openjdk-amd64/src.zip, /usr/lib/jvm/java-19-openjdk-amd64/lib/src.zip. Java symbols will not be available.[0m
2024.06.13 10:11:15 WARN  Could not find java sources in /usr/lib/jvm/src.zip, /usr/lib/jvm/lib/src.zip, /usr/lib/jvm/java-19-openjdk-amd64/src.zip, /usr/lib/jvm/java-19-openjdk-amd64/lib/src.zip. Java symbols will not be available.[0m
2024.06.13 10:11:15 INFO  time: indexed workspace in 3.77s[0m
2024.06.13 10:46:55 INFO  Shutting down server[0m
2024.06.13 10:46:55 INFO  shutting down Metals[0m
2024.06.13 10:46:55 INFO  Shut down connection with build server.[0m
2024.06.13 10:48:10 INFO  Started: Metals version 1.3.1 in folders '/home/lucas/ysyx-workbench/ysyxSoC' for client Neovim 0.10.0-dev+g27fb62988.[0m
SLF4J(W): Class path contains multiple SLF4J providers.
SLF4J(W): Found provider [scribe.slf4j.ScribeServiceProvider@5f9f2b2]
SLF4J(W): Found provider [ch.qos.logback.classic.spi.LogbackServiceProvider@7eb0e38e]
SLF4J(W): See https://www.slf4j.org/codes.html#multiple_bindings for an explanation.
SLF4J(I): Actual provider is of type [scribe.slf4j.ScribeServiceProvider@5f9f2b2]
2024.06.13 10:48:10 WARN  Flyway upgrade recommended: H2 2.2.224 is newer than this version of Flyway and support has not been tested. The latest supported version of H2 is 2.2.220.[0m
2024.06.13 10:48:10 INFO  no build target found for /home/lucas/ysyx-workbench/ysyxSoC/src/SoC.scala. Using presentation compiler with project's scala-library version: 3.3.3[0m
2024.06.13 10:48:10 INFO  Attempting to connect to the build server...[0m
2024.06.13 10:48:10 INFO  tracing is disabled for protocol BSP, to enable tracing of incoming and outgoing JSON messages create an empty file at /home/lucas/ysyx-workbench/ysyxSoC/.metals/bsp.trace.json or /home/lucas/.cache/metals/bsp.trace.json[0m
2024.06.13 10:48:10 INFO  no build target found for /home/lucas/ysyx-workbench/ysyxSoC/src/SoC.scala. Using presentation compiler with project's scala-library version: 3.3.3[0m
2024.06.13 10:48:10 INFO  time: Connected to build server in 0.2s[0m
2024.06.13 10:48:10 INFO  Connected to Build server: Bloop v1.5.17[0m
2024.06.13 10:48:15 WARN  Could not find java sources in /usr/lib/jvm/src.zip, /usr/lib/jvm/lib/src.zip, /usr/lib/jvm/java-19-openjdk-amd64/src.zip, /usr/lib/jvm/java-19-openjdk-amd64/lib/src.zip. Java symbols will not be available.[0m
2024.06.13 10:48:15 WARN  Could not find java sources in /usr/lib/jvm/src.zip, /usr/lib/jvm/lib/src.zip, /usr/lib/jvm/java-19-openjdk-amd64/src.zip, /usr/lib/jvm/java-19-openjdk-amd64/lib/src.zip. Java symbols will not be available.[0m
2024.06.13 10:48:15 INFO  time: indexed workspace in 4.38s[0m
Jun 13, 2024 10:48:16 AM org.eclipse.lsp4j.jsonrpc.RemoteEndpoint handleCancellation
WARNING: Unmatched cancel notification for request id 4
2024.06.13 10:49:20 INFO  compiling ysyxsoc (1 scala source)[0m
2024.06.13 10:49:23 INFO  time: compiled ysyxsoc in 2.6s[0m
2024.06.13 10:49:23 INFO  compiling ysyxsoc (1 scala source)[0m
2024.06.13 10:49:25 INFO  time: compiled ysyxsoc in 1.83s[0m
2024.06.13 10:50:19 INFO  Shutting down server[0m
2024.06.13 10:50:19 INFO  shutting down Metals[0m
2024.06.13 10:50:19 INFO  Shut down connection with build server.[0m
2024.06.13 10:57:32 INFO  Started: Metals version 1.3.1 in folders '/home/lucas/ysyx-workbench/ysyxSoC' for client Neovim 0.10.0-dev+g27fb62988.[0m
SLF4J(W): Class path contains multiple SLF4J providers.
SLF4J(W): Found provider [scribe.slf4j.ScribeServiceProvider@2cc36f76]
SLF4J(W): Found provider [ch.qos.logback.classic.spi.LogbackServiceProvider@3d291bb3]
SLF4J(W): See https://www.slf4j.org/codes.html#multiple_bindings for an explanation.
SLF4J(I): Actual provider is of type [scribe.slf4j.ScribeServiceProvider@2cc36f76]
2024.06.13 10:57:32 WARN  Flyway upgrade recommended: H2 2.2.224 is newer than this version of Flyway and support has not been tested. The latest supported version of H2 is 2.2.220.[0m
2024.06.13 10:57:33 INFO  no build target found for /home/lucas/ysyx-workbench/ysyxSoC/src/CPU.scala. Using presentation compiler with project's scala-library version: 3.3.3[0m
2024.06.13 10:57:33 INFO  Attempting to connect to the build server...[0m
2024.06.13 10:57:33 INFO  tracing is disabled for protocol BSP, to enable tracing of incoming and outgoing JSON messages create an empty file at /home/lucas/ysyx-workbench/ysyxSoC/.metals/bsp.trace.json or /home/lucas/.cache/metals/bsp.trace.json[0m
2024.06.13 10:57:33 INFO  time: Connected to build server in 0.21s[0m
2024.06.13 10:57:33 INFO  Connected to Build server: Bloop v1.5.17[0m
2024.06.13 10:57:37 WARN  Could not find java sources in /usr/lib/jvm/src.zip, /usr/lib/jvm/lib/src.zip, /usr/lib/jvm/java-19-openjdk-amd64/src.zip, /usr/lib/jvm/java-19-openjdk-amd64/lib/src.zip. Java symbols will not be available.[0m
2024.06.13 10:57:37 WARN  Could not find java sources in /usr/lib/jvm/src.zip, /usr/lib/jvm/lib/src.zip, /usr/lib/jvm/java-19-openjdk-amd64/src.zip, /usr/lib/jvm/java-19-openjdk-amd64/lib/src.zip. Java symbols will not be available.[0m
2024.06.13 10:57:37 INFO  time: indexed workspace in 3.71s[0m
Jun 13, 2024 10:57:38 AM org.eclipse.lsp4j.jsonrpc.RemoteEndpoint handleCancellation
WARNING: Unmatched cancel notification for request id 4
2024.06.13 10:58:00 INFO  Shutting down server[0m
2024.06.13 10:58:00 INFO  shutting down Metals[0m
2024.06.13 10:58:00 INFO  Shut down connection with build server.[0m
2024.06.13 11:03:58 INFO  Started: Metals version 1.3.1 in folders '/home/lucas/ysyx-workbench/ysyxSoC' for client Neovim 0.10.0-dev+g27fb62988.[0m
SLF4J(W): Class path contains multiple SLF4J providers.
SLF4J(W): Found provider [scribe.slf4j.ScribeServiceProvider@2cc36f76]
SLF4J(W): Found provider [ch.qos.logback.classic.spi.LogbackServiceProvider@3d291bb3]
SLF4J(W): See https://www.slf4j.org/codes.html#multiple_bindings for an explanation.
SLF4J(I): Actual provider is of type [scribe.slf4j.ScribeServiceProvider@2cc36f76]
2024.06.13 11:03:58 WARN  Flyway upgrade recommended: H2 2.2.224 is newer than this version of Flyway and support has not been tested. The latest supported version of H2 is 2.2.220.[0m
2024.06.13 11:03:58 INFO  no build target found for /home/lucas/ysyx-workbench/ysyxSoC/src/CPU.scala. Using presentation compiler with project's scala-library version: 3.3.3[0m
2024.06.13 11:03:59 INFO  no build target found for /home/lucas/ysyx-workbench/ysyxSoC/src/CPU.scala. Using presentation compiler with project's scala-library version: 3.3.3[0m
2024.06.13 11:03:59 INFO  Attempting to connect to the build server...[0m
2024.06.13 11:03:59 INFO  tracing is disabled for protocol BSP, to enable tracing of incoming and outgoing JSON messages create an empty file at /home/lucas/ysyx-workbench/ysyxSoC/.metals/bsp.trace.json or /home/lucas/.cache/metals/bsp.trace.json[0m
2024.06.13 11:03:59 INFO  time: Connected to build server in 0.21s[0m
2024.06.13 11:03:59 INFO  Connected to Build server: Bloop v1.5.17[0m
2024.06.13 11:04:00 INFO  no build target found for /home/lucas/ysyx-workbench/ysyxSoC/src/CPU.scala. Using presentation compiler with project's scala-library version: 3.3.3[0m
2024.06.13 11:04:04 WARN  Could not find java sources in /usr/lib/jvm/src.zip, /usr/lib/jvm/lib/src.zip, /usr/lib/jvm/java-19-openjdk-amd64/src.zip, /usr/lib/jvm/java-19-openjdk-amd64/lib/src.zip. Java symbols will not be available.[0m
2024.06.13 11:04:04 WARN  Could not find java sources in /usr/lib/jvm/src.zip, /usr/lib/jvm/lib/src.zip, /usr/lib/jvm/java-19-openjdk-amd64/src.zip, /usr/lib/jvm/java-19-openjdk-amd64/lib/src.zip. Java symbols will not be available.[0m
2024.06.13 11:04:04 INFO  time: indexed workspace in 5.16s[0m
Jun 13, 2024 11:04:05 AM org.eclipse.lsp4j.jsonrpc.RemoteEndpoint handleCancellation
WARNING: Unmatched cancel notification for request id 4
2024.06.13 11:37:58 INFO  Shutting down server[0m
2024.06.13 11:37:58 INFO  shutting down Metals[0m
2024.06.13 11:37:58 INFO  Shut down connection with build server.[0m
2024.06.15 10:55:38 INFO  Started: Metals version 1.3.1 in folders '/home/lucas/ysyx-workbench/ysyxSoC' for client Neovim 0.10.0-dev+g27fb62988.[0m
SLF4J(W): Class path contains multiple SLF4J providers.
SLF4J(W): Found provider [scribe.slf4j.ScribeServiceProvider@7eb0e38e]
SLF4J(W): Found provider [ch.qos.logback.classic.spi.LogbackServiceProvider@4c817700]
SLF4J(W): See https://www.slf4j.org/codes.html#multiple_bindings for an explanation.
SLF4J(I): Actual provider is of type [scribe.slf4j.ScribeServiceProvider@7eb0e38e]
2024.06.15 10:55:38 WARN  Flyway upgrade recommended: H2 2.2.224 is newer than this version of Flyway and support has not been tested. The latest supported version of H2 is 2.2.220.[0m
2024.06.15 10:55:38 INFO  no build target found for /home/lucas/ysyx-workbench/ysyxSoC/src/SoC.scala. Using presentation compiler with project's scala-library version: 3.3.3[0m
2024.06.15 10:55:38 INFO  no build target found for /home/lucas/ysyx-workbench/ysyxSoC/src/SoC.scala. Using presentation compiler with project's scala-library version: 3.3.3[0m
2024.06.15 10:55:38 INFO  Attempting to connect to the build server...[0m
2024.06.15 10:55:40 INFO  tracing is disabled for protocol BSP, to enable tracing of incoming and outgoing JSON messages create an empty file at /home/lucas/ysyx-workbench/ysyxSoC/.metals/bsp.trace.json or /home/lucas/.cache/metals/bsp.trace.json[0m
2024.06.15 10:55:40 INFO  time: Connected to build server in 2.17s[0m
2024.06.15 10:55:40 INFO  Connected to Build server: Bloop v1.5.17[0m
2024.06.15 10:55:41 INFO  time: Imported build in 0.15s[0m
2024.06.15 10:55:44 WARN  Could not find java sources in /usr/lib/jvm/src.zip, /usr/lib/jvm/lib/src.zip, /usr/lib/jvm/java-19-openjdk-amd64/src.zip, /usr/lib/jvm/java-19-openjdk-amd64/lib/src.zip. Java symbols will not be available.[0m
2024.06.15 10:55:44 WARN  Could not find java sources in /usr/lib/jvm/src.zip, /usr/lib/jvm/lib/src.zip, /usr/lib/jvm/java-19-openjdk-amd64/src.zip, /usr/lib/jvm/java-19-openjdk-amd64/lib/src.zip. Java symbols will not be available.[0m
2024.06.15 10:55:44 INFO  time: indexed workspace in 3.94s[0m
Jun 15, 2024 10:55:46 AM org.eclipse.lsp4j.jsonrpc.RemoteEndpoint handleCancellation
WARNING: Unmatched cancel notification for request id 4
2024.06.15 16:53:31 INFO  Shutting down server[0m
2024.06.15 16:53:31 INFO  shutting down Metals[0m
2024.06.15 16:53:31 INFO  Shut down connection with build server.[0m
